<?xml version="1.0" encoding="UTF-8"?>
<coverage generated="1539123913772" clover="3.2.0">
  <project timestamp="1539123913772" name="All files">
    <metrics statements="106" coveredstatements="69" conditionals="58" coveredconditionals="31" methods="37" coveredmethods="20" elements="201" coveredelements="120" complexity="0" loc="106" ncloc="106" packages="4" files="5" classes="5">
      <package name="src">
        <metrics statements="37" coveredstatements="27" conditionals="23" coveredconditionals="16" methods="13" coveredmethods="6"/>
        <file name="Trello.js" path="E:\Privat\Web\Node Package Development\trellolini\src\Trello.js">
          <metrics statements="37" coveredstatements="27" conditionals="23" coveredconditionals="16" methods="13" coveredmethods="6"/>
          <line num="10" count="2" type="stmt"/>
          <line num="25" count="12" type="stmt"/>
          <line num="27" count="12" type="cond" truecount="2" falsecount="0"/>
          <line num="28" count="2" type="stmt"/>
          <line num="31" count="12" type="cond" truecount="2" falsecount="0"/>
          <line num="32" count="2" type="stmt"/>
          <line num="35" count="12" type="cond" truecount="2" falsecount="2"/>
          <line num="36" count="0" type="stmt"/>
          <line num="39" count="12" type="stmt"/>
          <line num="57" count="12" type="stmt"/>
          <line num="59" count="12" type="stmt"/>
          <line num="60" count="12" type="cond" truecount="2" falsecount="0"/>
          <line num="61" count="2" type="stmt"/>
          <line num="64" count="10" type="cond" truecount="1" falsecount="1"/>
          <line num="65" count="10" type="stmt"/>
          <line num="70" count="10" type="cond" truecount="1" falsecount="1"/>
          <line num="71" count="0" type="stmt"/>
          <line num="74" count="0" type="stmt"/>
          <line num="79" count="10" type="cond" truecount="1" falsecount="1"/>
          <line num="80" count="0" type="stmt"/>
          <line num="103" count="9" type="cond" truecount="2" falsecount="0"/>
          <line num="104" count="8" type="stmt"/>
          <line num="109" count="9" type="cond" truecount="2" falsecount="0"/>
          <line num="110" count="1" type="stmt"/>
          <line num="112" count="8" type="stmt"/>
          <line num="116" count="9" type="stmt"/>
          <line num="125" count="1" type="stmt"/>
          <line num="133" count="1" type="cond" truecount="1" falsecount="1"/>
          <line num="134" count="1" type="stmt"/>
          <line num="137" count="1" type="stmt"/>
          <line num="141" count="0" type="stmt"/>
          <line num="149" count="0" type="stmt"/>
          <line num="152" count="0" type="stmt"/>
          <line num="159" count="3" type="cond" truecount="0" falsecount="1"/>
          <line num="160" count="0" type="stmt"/>
          <line num="161" count="0" type="stmt"/>
          <line num="162" count="0" type="stmt"/>
        </file>
      </package>
      <package name="src.api">
        <metrics statements="44" coveredstatements="31" conditionals="28" coveredconditionals="14" methods="16" coveredmethods="13"/>
        <file name="AbstractApiResource.js" path="E:\Privat\Web\Node Package Development\trellolini\src\api\AbstractApiResource.js">
          <metrics statements="38" coveredstatements="28" conditionals="25" coveredconditionals="13" methods="14" coveredmethods="12"/>
          <line num="2" count="2" type="stmt"/>
          <line num="7" count="10" type="cond" truecount="1" falsecount="1"/>
          <line num="8" count="0" type="stmt"/>
          <line num="11" count="10" type="cond" truecount="3" falsecount="1"/>
          <line num="12" count="0" type="stmt"/>
          <line num="15" count="10" type="stmt"/>
          <line num="16" count="10" type="stmt"/>
          <line num="17" count="10" type="stmt"/>
          <line num="18" count="10" type="stmt"/>
          <line num="19" count="10" type="stmt"/>
          <line num="20" count="10" type="stmt"/>
          <line num="24" count="2" type="cond" truecount="2" falsecount="0"/>
          <line num="28" count="2" type="stmt"/>
          <line num="32" count="2" type="stmt"/>
          <line num="36" count="8" type="stmt"/>
          <line num="49" count="4" type="stmt"/>
          <line num="50" count="4" type="stmt"/>
          <line num="63" count="3" type="cond" truecount="2" falsecount="0"/>
          <line num="64" count="1" type="stmt"/>
          <line num="67" count="2" type="stmt"/>
          <line num="75" count="1" type="stmt"/>
          <line num="76" count="1" type="stmt"/>
          <line num="78" count="1" type="stmt"/>
          <line num="88" count="1" type="stmt"/>
          <line num="90" count="0" type="stmt"/>
          <line num="101" count="0" type="cond" truecount="0" falsecount="2"/>
          <line num="102" count="0" type="stmt"/>
          <line num="103" count="0" type="cond" truecount="0" falsecount="2"/>
          <line num="104" count="0" type="stmt"/>
          <line num="106" count="0" type="stmt"/>
          <line num="116" count="1" type="stmt"/>
          <line num="131" count="1" type="cond" truecount="1" falsecount="1"/>
          <line num="132" count="0" type="stmt"/>
          <line num="134" count="1" type="cond" truecount="2" falsecount="2"/>
          <line num="135" count="0" type="stmt"/>
          <line num="137" count="1" type="stmt"/>
          <line num="138" count="1" type="cond" truecount="1" falsecount="1"/>
          <line num="139" count="1" type="stmt"/>
        </file>
        <file name="Board.js" path="E:\Privat\Web\Node Package Development\trellolini\src\api\Board.js">
          <metrics statements="6" coveredstatements="3" conditionals="3" coveredconditionals="1" methods="2" coveredmethods="1"/>
          <line num="10" count="10" type="stmt"/>
          <line num="12" count="10" type="stmt"/>
          <line num="13" count="10" type="stmt"/>
          <line num="32" count="0" type="cond" truecount="0" falsecount="2"/>
          <line num="33" count="0" type="stmt"/>
          <line num="36" count="0" type="stmt"/>
        </file>
      </package>
      <package name="src.api.Board">
        <metrics statements="7" coveredstatements="0" conditionals="1" coveredconditionals="0" methods="3" coveredmethods="0"/>
        <file name="Cards.js" path="E:\Privat\Web\Node Package Development\trellolini\src\api\Board\Cards.js">
          <metrics statements="7" coveredstatements="0" conditionals="1" coveredconditionals="0" methods="3" coveredmethods="0"/>
          <line num="9" count="0" type="stmt"/>
          <line num="11" count="0" type="stmt"/>
          <line num="12" count="0" type="stmt"/>
          <line num="18" count="0" type="stmt"/>
          <line num="19" count="0" type="stmt"/>
          <line num="23" count="0" type="stmt"/>
          <line num="25" count="0" type="stmt"/>
        </file>
      </package>
      <package name="src.helpers">
        <metrics statements="18" coveredstatements="11" conditionals="6" coveredconditionals="1" methods="5" coveredmethods="1"/>
        <file name="http.js" path="E:\Privat\Web\Node Package Development\trellolini\src\helpers\http.js">
          <metrics statements="18" coveredstatements="11" conditionals="6" coveredconditionals="1" methods="5" coveredmethods="1"/>
          <line num="3" count="3" type="stmt"/>
          <line num="4" count="3" type="stmt"/>
          <line num="12" count="3" type="stmt"/>
          <line num="13" count="0" type="stmt"/>
          <line num="17" count="0" type="stmt"/>
          <line num="18" count="0" type="stmt"/>
          <line num="19" count="0" type="stmt"/>
          <line num="23" count="0" type="stmt"/>
          <line num="25" count="0" type="stmt"/>
          <line num="33" count="3" type="stmt"/>
          <line num="34" count="0" type="stmt"/>
          <line num="40" count="3" type="stmt"/>
          <line num="54" count="3" type="stmt"/>
          <line num="55" count="3" type="stmt"/>
          <line num="75" count="3" type="cond" truecount="1" falsecount="1"/>
          <line num="76" count="3" type="stmt"/>
          <line num="80" count="3" type="stmt"/>
          <line num="89" count="3" type="stmt"/>
        </file>
      </package>
    </metrics>
  </project>
</coverage>
