{"E:\\Privat\\Web\\Node Package Development\\trellolini\\src\\Trello.js": {"path":"E:\\Privat\\Web\\Node Package Development\\trellolini\\src\\Trello.js","statementMap":{"0":{"start":{"line":10,"column":29},"end":{"line":18,"column":1}},"1":{"start":{"line":25,"column":17},"end":{"line":25,"column":19}},"2":{"start":{"line":27,"column":4},"end":{"line":29,"column":5}},"3":{"start":{"line":28,"column":8},"end":{"line":28,"column":50}},"4":{"start":{"line":31,"column":4},"end":{"line":33,"column":5}},"5":{"start":{"line":32,"column":8},"end":{"line":32,"column":52}},"6":{"start":{"line":35,"column":4},"end":{"line":37,"column":5}},"7":{"start":{"line":36,"column":8},"end":{"line":36,"column":61}},"8":{"start":{"line":39,"column":4},"end":{"line":39,"column":17}},"9":{"start":{"line":57,"column":8},"end":{"line":57,"column":54}},"10":{"start":{"line":59,"column":21},"end":{"line":59,"column":49}},"11":{"start":{"line":60,"column":8},"end":{"line":62,"column":9}},"12":{"start":{"line":61,"column":12},"end":{"line":61,"column":87}},"13":{"start":{"line":64,"column":8},"end":{"line":66,"column":9}},"14":{"start":{"line":65,"column":12},"end":{"line":65,"column":51}},"15":{"start":{"line":70,"column":8},"end":{"line":76,"column":9}},"16":{"start":{"line":71,"column":12},"end":{"line":75,"column":14}},"17":{"start":{"line":74,"column":16},"end":{"line":74,"column":44}},"18":{"start":{"line":79,"column":8},"end":{"line":81,"column":9}},"19":{"start":{"line":80,"column":12},"end":{"line":80,"column":80}},"20":{"start":{"line":103,"column":8},"end":{"line":105,"column":9}},"21":{"start":{"line":104,"column":12},"end":{"line":104,"column":51}},"22":{"start":{"line":109,"column":8},"end":{"line":113,"column":9}},"23":{"start":{"line":110,"column":12},"end":{"line":110,"column":65}},"24":{"start":{"line":112,"column":12},"end":{"line":112,"column":37}},"25":{"start":{"line":116,"column":8},"end":{"line":116,"column":26}},"26":{"start":{"line":125,"column":8},"end":{"line":125,"column":50}},"27":{"start":{"line":133,"column":8},"end":{"line":135,"column":9}},"28":{"start":{"line":134,"column":12},"end":{"line":134,"column":41}},"29":{"start":{"line":137,"column":8},"end":{"line":137,"column":26}},"30":{"start":{"line":141,"column":8},"end":{"line":141,"column":37}},"31":{"start":{"line":149,"column":8},"end":{"line":149,"column":42}},"32":{"start":{"line":152,"column":8},"end":{"line":152,"column":41}},"33":{"start":{"line":159,"column":37},"end":{"line":159,"column":87}},"34":{"start":{"line":160,"column":26},"end":{"line":160,"column":73}},"35":{"start":{"line":161,"column":26},"end":{"line":161,"column":77}},"36":{"start":{"line":162,"column":26},"end":{"line":162,"column":76}}},"fnMap":{"0":{"name":"validateConfig","decl":{"start":{"line":24,"column":9},"end":{"line":24,"column":23}},"loc":{"start":{"line":24,"column":31},"end":{"line":40,"column":1}},"line":24},"1":{"name":"(anonymous_1)","decl":{"start":{"line":56,"column":4},"end":{"line":56,"column":5}},"loc":{"start":{"line":56,"column":23},"end":{"line":82,"column":5}},"line":56},"2":{"name":"(anonymous_2)","decl":{"start":{"line":73,"column":16},"end":{"line":73,"column":17}},"loc":{"start":{"line":73,"column":27},"end":{"line":75,"column":13}},"line":73},"3":{"name":"(anonymous_3)","decl":{"start":{"line":101,"column":4},"end":{"line":101,"column":5}},"loc":{"start":{"line":101,"column":19},"end":{"line":117,"column":5}},"line":101},"4":{"name":"(anonymous_4)","decl":{"start":{"line":124,"column":4},"end":{"line":124,"column":5}},"loc":{"start":{"line":124,"column":19},"end":{"line":126,"column":5}},"line":124},"5":{"name":"(anonymous_5)","decl":{"start":{"line":132,"column":4},"end":{"line":132,"column":5}},"loc":{"start":{"line":132,"column":16},"end":{"line":138,"column":5}},"line":132},"6":{"name":"(anonymous_6)","decl":{"start":{"line":140,"column":4},"end":{"line":140,"column":5}},"loc":{"start":{"line":140,"column":13},"end":{"line":142,"column":5}},"line":140},"7":{"name":"(anonymous_7)","decl":{"start":{"line":148,"column":4},"end":{"line":148,"column":5}},"loc":{"start":{"line":148,"column":24},"end":{"line":150,"column":5}},"line":148},"8":{"name":"(anonymous_8)","decl":{"start":{"line":151,"column":4},"end":{"line":151,"column":5}},"loc":{"start":{"line":151,"column":24},"end":{"line":153,"column":5}},"line":151},"9":{"name":"(anonymous_9)","decl":{"start":{"line":159,"column":4},"end":{"line":159,"column":5}},"loc":{"start":{"line":159,"column":35},"end":{"line":159,"column":89}},"line":159},"10":{"name":"(anonymous_10)","decl":{"start":{"line":160,"column":4},"end":{"line":160,"column":5}},"loc":{"start":{"line":160,"column":24},"end":{"line":160,"column":75}},"line":160},"11":{"name":"(anonymous_11)","decl":{"start":{"line":161,"column":4},"end":{"line":161,"column":5}},"loc":{"start":{"line":161,"column":24},"end":{"line":161,"column":79}},"line":161},"12":{"name":"(anonymous_12)","decl":{"start":{"line":162,"column":4},"end":{"line":162,"column":5}},"loc":{"start":{"line":162,"column":24},"end":{"line":162,"column":78}},"line":162}},"branchMap":{"0":{"loc":{"start":{"line":27,"column":4},"end":{"line":29,"column":5}},"type":"if","locations":[{"start":{"line":27,"column":4},"end":{"line":29,"column":5}},{"start":{"line":27,"column":4},"end":{"line":29,"column":5}}],"line":27},"1":{"loc":{"start":{"line":31,"column":4},"end":{"line":33,"column":5}},"type":"if","locations":[{"start":{"line":31,"column":4},"end":{"line":33,"column":5}},{"start":{"line":31,"column":4},"end":{"line":33,"column":5}}],"line":31},"2":{"loc":{"start":{"line":35,"column":4},"end":{"line":37,"column":5}},"type":"if","locations":[{"start":{"line":35,"column":4},"end":{"line":37,"column":5}},{"start":{"line":35,"column":4},"end":{"line":37,"column":5}}],"line":35},"3":{"loc":{"start":{"line":35,"column":7},"end":{"line":35,"column":93}},"type":"binary-expr","locations":[{"start":{"line":35,"column":7},"end":{"line":35,"column":41}},{"start":{"line":35,"column":45},"end":{"line":35,"column":93}}],"line":35},"4":{"loc":{"start":{"line":60,"column":8},"end":{"line":62,"column":9}},"type":"if","locations":[{"start":{"line":60,"column":8},"end":{"line":62,"column":9}},{"start":{"line":60,"column":8},"end":{"line":62,"column":9}}],"line":60},"5":{"loc":{"start":{"line":64,"column":8},"end":{"line":66,"column":9}},"type":"if","locations":[{"start":{"line":64,"column":8},"end":{"line":66,"column":9}},{"start":{"line":64,"column":8},"end":{"line":66,"column":9}}],"line":64},"6":{"loc":{"start":{"line":70,"column":8},"end":{"line":76,"column":9}},"type":"if","locations":[{"start":{"line":70,"column":8},"end":{"line":76,"column":9}},{"start":{"line":70,"column":8},"end":{"line":76,"column":9}}],"line":70},"7":{"loc":{"start":{"line":79,"column":8},"end":{"line":81,"column":9}},"type":"if","locations":[{"start":{"line":79,"column":8},"end":{"line":81,"column":9}},{"start":{"line":79,"column":8},"end":{"line":81,"column":9}}],"line":79},"8":{"loc":{"start":{"line":103,"column":8},"end":{"line":105,"column":9}},"type":"if","locations":[{"start":{"line":103,"column":8},"end":{"line":105,"column":9}},{"start":{"line":103,"column":8},"end":{"line":105,"column":9}}],"line":103},"9":{"loc":{"start":{"line":109,"column":8},"end":{"line":113,"column":9}},"type":"if","locations":[{"start":{"line":109,"column":8},"end":{"line":113,"column":9}},{"start":{"line":109,"column":8},"end":{"line":113,"column":9}}],"line":109},"10":{"loc":{"start":{"line":133,"column":8},"end":{"line":135,"column":9}},"type":"if","locations":[{"start":{"line":133,"column":8},"end":{"line":135,"column":9}},{"start":{"line":133,"column":8},"end":{"line":135,"column":9}}],"line":133},"11":{"loc":{"start":{"line":159,"column":14},"end":{"line":159,"column":23}},"type":"default-arg","locations":[{"start":{"line":159,"column":21},"end":{"line":159,"column":23}}],"line":159}},"s":{"0":2,"1":12,"2":12,"3":2,"4":12,"5":2,"6":12,"7":0,"8":12,"9":12,"10":12,"11":12,"12":2,"13":10,"14":10,"15":10,"16":0,"17":0,"18":10,"19":0,"20":9,"21":8,"22":9,"23":1,"24":8,"25":9,"26":1,"27":1,"28":1,"29":1,"30":0,"31":0,"32":0,"33":3,"34":0,"35":0,"36":0},"f":{"0":12,"1":12,"2":0,"3":9,"4":1,"5":1,"6":0,"7":0,"8":0,"9":3,"10":0,"11":0,"12":0},"b":{"0":[2,10],"1":[2,10],"2":[0,12],"3":[12,0],"4":[2,10],"5":[10,0],"6":[0,10],"7":[0,10],"8":[8,1],"9":[1,8],"10":[1,0],"11":[0]},"_coverageSchema":"332fd63041d2c1bcb487cc26dd0d5f7d97098a6c","hash":"8953cfdb2c56a4ec0fb469942d520a4c405696d1"}
,"E:\\Privat\\Web\\Node Package Development\\trellolini\\src\\api\\AbstractApiResource.js": {"path":"E:\\Privat\\Web\\Node Package Development\\trellolini\\src\\api\\AbstractApiResource.js","statementMap":{"0":{"start":{"line":2,"column":11},"end":{"line":2,"column":34}},"1":{"start":{"line":7,"column":8},"end":{"line":9,"column":9}},"2":{"start":{"line":8,"column":12},"end":{"line":8,"column":115}},"3":{"start":{"line":11,"column":8},"end":{"line":13,"column":9}},"4":{"start":{"line":12,"column":12},"end":{"line":12,"column":35}},"5":{"start":{"line":15,"column":8},"end":{"line":15,"column":29}},"6":{"start":{"line":16,"column":8},"end":{"line":16,"column":29}},"7":{"start":{"line":17,"column":8},"end":{"line":17,"column":23}},"8":{"start":{"line":18,"column":8},"end":{"line":18,"column":25}},"9":{"start":{"line":19,"column":8},"end":{"line":19,"column":27}},"10":{"start":{"line":20,"column":8},"end":{"line":20,"column":25}},"11":{"start":{"line":24,"column":8},"end":{"line":24,"column":62}},"12":{"start":{"line":28,"column":8},"end":{"line":28,"column":31}},"13":{"start":{"line":32,"column":8},"end":{"line":32,"column":27}},"14":{"start":{"line":36,"column":8},"end":{"line":36,"column":29}},"15":{"start":{"line":49,"column":8},"end":{"line":49,"column":39}},"16":{"start":{"line":50,"column":8},"end":{"line":50,"column":19}},"17":{"start":{"line":63,"column":8},"end":{"line":65,"column":9}},"18":{"start":{"line":64,"column":12},"end":{"line":64,"column":71}},"19":{"start":{"line":67,"column":8},"end":{"line":67,"column":67}},"20":{"start":{"line":75,"column":17},"end":{"line":75,"column":33}},"21":{"start":{"line":76,"column":8},"end":{"line":76,"column":51}},"22":{"start":{"line":78,"column":8},"end":{"line":78,"column":67}},"23":{"start":{"line":88,"column":8},"end":{"line":88,"column":43}},"24":{"start":{"line":90,"column":8},"end":{"line":90,"column":51}},"25":{"start":{"line":101,"column":8},"end":{"line":107,"column":9}},"26":{"start":{"line":102,"column":12},"end":{"line":102,"column":65}},"27":{"start":{"line":103,"column":15},"end":{"line":107,"column":9}},"28":{"start":{"line":104,"column":12},"end":{"line":104,"column":79}},"29":{"start":{"line":106,"column":12},"end":{"line":106,"column":126}},"30":{"start":{"line":116,"column":8},"end":{"line":119,"column":9}},"31":{"start":{"line":131,"column":8},"end":{"line":142,"column":9}},"32":{"start":{"line":132,"column":12},"end":{"line":132,"column":18}},"33":{"start":{"line":134,"column":13},"end":{"line":142,"column":9}},"34":{"start":{"line":135,"column":12},"end":{"line":135,"column":85}},"35":{"start":{"line":137,"column":12},"end":{"line":141,"column":14}},"36":{"start":{"line":138,"column":16},"end":{"line":140,"column":17}},"37":{"start":{"line":139,"column":20},"end":{"line":139,"column":73}}},"fnMap":{"0":{"name":"(anonymous_0)","decl":{"start":{"line":5,"column":4},"end":{"line":5,"column":5}},"loc":{"start":{"line":5,"column":37},"end":{"line":21,"column":5}},"line":5},"1":{"name":"(anonymous_1)","decl":{"start":{"line":23,"column":4},"end":{"line":23,"column":5}},"loc":{"start":{"line":23,"column":24},"end":{"line":25,"column":5}},"line":23},"2":{"name":"(anonymous_2)","decl":{"start":{"line":27,"column":4},"end":{"line":27,"column":5}},"loc":{"start":{"line":27,"column":21},"end":{"line":29,"column":5}},"line":27},"3":{"name":"(anonymous_3)","decl":{"start":{"line":31,"column":4},"end":{"line":31,"column":5}},"loc":{"start":{"line":31,"column":17},"end":{"line":33,"column":5}},"line":31},"4":{"name":"(anonymous_4)","decl":{"start":{"line":35,"column":4},"end":{"line":35,"column":5}},"loc":{"start":{"line":35,"column":15},"end":{"line":37,"column":5}},"line":35},"5":{"name":"(anonymous_5)","decl":{"start":{"line":48,"column":4},"end":{"line":48,"column":5}},"loc":{"start":{"line":48,"column":18},"end":{"line":51,"column":5}},"line":48},"6":{"name":"(anonymous_6)","decl":{"start":{"line":62,"column":4},"end":{"line":62,"column":5}},"loc":{"start":{"line":62,"column":12},"end":{"line":68,"column":5}},"line":62},"7":{"name":"(anonymous_7)","decl":{"start":{"line":74,"column":4},"end":{"line":74,"column":5}},"loc":{"start":{"line":74,"column":20},"end":{"line":79,"column":5}},"line":74},"8":{"name":"(anonymous_8)","decl":{"start":{"line":87,"column":4},"end":{"line":87,"column":5}},"loc":{"start":{"line":87,"column":18},"end":{"line":91,"column":5}},"line":87},"9":{"name":"(anonymous_9)","decl":{"start":{"line":100,"column":4},"end":{"line":100,"column":5}},"loc":{"start":{"line":100,"column":30},"end":{"line":109,"column":5}},"line":100},"10":{"name":"(anonymous_10)","decl":{"start":{"line":115,"column":4},"end":{"line":115,"column":5}},"loc":{"start":{"line":115,"column":13},"end":{"line":120,"column":5}},"line":115},"11":{"name":"(anonymous_11)","decl":{"start":{"line":122,"column":4},"end":{"line":122,"column":5}},"loc":{"start":{"line":122,"column":32},"end":{"line":123,"column":5}},"line":122},"12":{"name":"(anonymous_12)","decl":{"start":{"line":129,"column":4},"end":{"line":129,"column":5}},"loc":{"start":{"line":129,"column":34},"end":{"line":144,"column":5}},"line":129},"13":{"name":"(anonymous_13)","decl":{"start":{"line":137,"column":36},"end":{"line":137,"column":37}},"loc":{"start":{"line":137,"column":44},"end":{"line":141,"column":13}},"line":137}},"branchMap":{"0":{"loc":{"start":{"line":5,"column":28},"end":{"line":5,"column":36}},"type":"default-arg","locations":[{"start":{"line":5,"column":34},"end":{"line":5,"column":36}}],"line":5},"1":{"loc":{"start":{"line":7,"column":8},"end":{"line":9,"column":9}},"type":"if","locations":[{"start":{"line":7,"column":8},"end":{"line":9,"column":9}},{"start":{"line":7,"column":8},"end":{"line":9,"column":9}}],"line":7},"2":{"loc":{"start":{"line":11,"column":8},"end":{"line":13,"column":9}},"type":"if","locations":[{"start":{"line":11,"column":8},"end":{"line":13,"column":9}},{"start":{"line":11,"column":8},"end":{"line":13,"column":9}}],"line":11},"3":{"loc":{"start":{"line":11,"column":11},"end":{"line":11,"column":49}},"type":"binary-expr","locations":[{"start":{"line":11,"column":11},"end":{"line":11,"column":18}},{"start":{"line":11,"column":22},"end":{"line":11,"column":49}}],"line":11},"4":{"loc":{"start":{"line":24,"column":15},"end":{"line":24,"column":62}},"type":"binary-expr","locations":[{"start":{"line":24,"column":15},"end":{"line":24,"column":31}},{"start":{"line":24,"column":35},"end":{"line":24,"column":62}}],"line":24},"5":{"loc":{"start":{"line":63,"column":8},"end":{"line":65,"column":9}},"type":"if","locations":[{"start":{"line":63,"column":8},"end":{"line":65,"column":9}},{"start":{"line":63,"column":8},"end":{"line":65,"column":9}}],"line":63},"6":{"loc":{"start":{"line":74,"column":8},"end":{"line":74,"column":19}},"type":"default-arg","locations":[{"start":{"line":74,"column":17},"end":{"line":74,"column":19}}],"line":74},"7":{"loc":{"start":{"line":100,"column":19},"end":{"line":100,"column":28}},"type":"default-arg","locations":[{"start":{"line":100,"column":24},"end":{"line":100,"column":28}}],"line":100},"8":{"loc":{"start":{"line":101,"column":8},"end":{"line":107,"column":9}},"type":"if","locations":[{"start":{"line":101,"column":8},"end":{"line":107,"column":9}},{"start":{"line":101,"column":8},"end":{"line":107,"column":9}}],"line":101},"9":{"loc":{"start":{"line":103,"column":15},"end":{"line":107,"column":9}},"type":"if","locations":[{"start":{"line":103,"column":15},"end":{"line":107,"column":9}},{"start":{"line":103,"column":15},"end":{"line":107,"column":9}}],"line":103},"10":{"loc":{"start":{"line":131,"column":8},"end":{"line":142,"column":9}},"type":"if","locations":[{"start":{"line":131,"column":8},"end":{"line":142,"column":9}},{"start":{"line":131,"column":8},"end":{"line":142,"column":9}}],"line":131},"11":{"loc":{"start":{"line":134,"column":13},"end":{"line":142,"column":9}},"type":"if","locations":[{"start":{"line":134,"column":13},"end":{"line":142,"column":9}},{"start":{"line":134,"column":13},"end":{"line":142,"column":9}}],"line":134},"12":{"loc":{"start":{"line":134,"column":16},"end":{"line":134,"column":41}},"type":"binary-expr","locations":[{"start":{"line":134,"column":16},"end":{"line":134,"column":23}},{"start":{"line":134,"column":27},"end":{"line":134,"column":41}}],"line":134},"13":{"loc":{"start":{"line":138,"column":16},"end":{"line":140,"column":17}},"type":"if","locations":[{"start":{"line":138,"column":16},"end":{"line":140,"column":17}},{"start":{"line":138,"column":16},"end":{"line":140,"column":17}}],"line":138}},"s":{"0":2,"1":10,"2":0,"3":10,"4":0,"5":10,"6":10,"7":10,"8":10,"9":10,"10":10,"11":2,"12":2,"13":2,"14":8,"15":4,"16":4,"17":3,"18":1,"19":2,"20":1,"21":1,"22":1,"23":1,"24":0,"25":0,"26":0,"27":0,"28":0,"29":0,"30":1,"31":1,"32":0,"33":1,"34":0,"35":1,"36":1,"37":1},"f":{"0":10,"1":2,"2":2,"3":2,"4":8,"5":4,"6":3,"7":1,"8":1,"9":0,"10":1,"11":0,"12":1,"13":1},"b":{"0":[0],"1":[0,10],"2":[0,10],"3":[10,10],"4":[2,2],"5":[1,2],"6":[1],"7":[0],"8":[0,0],"9":[0,0],"10":[0,1],"11":[0,1],"12":[1,0],"13":[1,0]},"_coverageSchema":"332fd63041d2c1bcb487cc26dd0d5f7d97098a6c","hash":"b3719802cfbcf20dc3dc5dafdf25388f90e6f76e"}
,"E:\\Privat\\Web\\Node Package Development\\trellolini\\src\\api\\Board.js": {"path":"E:\\Privat\\Web\\Node Package Development\\trellolini\\src\\api\\Board.js","statementMap":{"0":{"start":{"line":10,"column":8},"end":{"line":10,"column":35}},"1":{"start":{"line":12,"column":8},"end":{"line":12,"column":33}},"2":{"start":{"line":13,"column":8},"end":{"line":27,"column":9}},"3":{"start":{"line":32,"column":8},"end":{"line":34,"column":9}},"4":{"start":{"line":33,"column":12},"end":{"line":33,"column":67}},"5":{"start":{"line":36,"column":8},"end":{"line":36,"column":26}}},"fnMap":{"0":{"name":"(anonymous_0)","decl":{"start":{"line":9,"column":4},"end":{"line":9,"column":5}},"loc":{"start":{"line":9,"column":32},"end":{"line":28,"column":5}},"line":9},"1":{"name":"(anonymous_1)","decl":{"start":{"line":31,"column":4},"end":{"line":31,"column":5}},"loc":{"start":{"line":31,"column":16},"end":{"line":37,"column":5}},"line":31}},"branchMap":{"0":{"loc":{"start":{"line":9,"column":24},"end":{"line":9,"column":31}},"type":"default-arg","locations":[{"start":{"line":9,"column":29},"end":{"line":9,"column":31}}],"line":9},"1":{"loc":{"start":{"line":32,"column":8},"end":{"line":34,"column":9}},"type":"if","locations":[{"start":{"line":32,"column":8},"end":{"line":34,"column":9}},{"start":{"line":32,"column":8},"end":{"line":34,"column":9}}],"line":32}},"s":{"0":10,"1":10,"2":10,"3":0,"4":0,"5":0},"f":{"0":10,"1":0},"b":{"0":[6],"1":[0,0]},"_coverageSchema":"332fd63041d2c1bcb487cc26dd0d5f7d97098a6c","hash":"b0e099c49e07013a010233baee9f41ba3b3f2bfc"}
,"E:\\Privat\\Web\\Node Package Development\\trellolini\\src\\api\\Board\\Cards.js": {"path":"E:\\Privat\\Web\\Node Package Development\\trellolini\\src\\api\\Board\\Cards.js","statementMap":{"0":{"start":{"line":9,"column":8},"end":{"line":9,"column":47}},"1":{"start":{"line":11,"column":8},"end":{"line":11,"column":33}},"2":{"start":{"line":12,"column":8},"end":{"line":14,"column":9}},"3":{"start":{"line":18,"column":8},"end":{"line":18,"column":40}},"4":{"start":{"line":19,"column":8},"end":{"line":19,"column":25}},"5":{"start":{"line":23,"column":8},"end":{"line":23,"column":51}},"6":{"start":{"line":25,"column":8},"end":{"line":25,"column":61}}},"fnMap":{"0":{"name":"(anonymous_0)","decl":{"start":{"line":8,"column":4},"end":{"line":8,"column":5}},"loc":{"start":{"line":8,"column":32},"end":{"line":15,"column":5}},"line":8},"1":{"name":"(anonymous_1)","decl":{"start":{"line":17,"column":4},"end":{"line":17,"column":5}},"loc":{"start":{"line":17,"column":10},"end":{"line":20,"column":5}},"line":17},"2":{"name":"(anonymous_2)","decl":{"start":{"line":22,"column":4},"end":{"line":22,"column":5}},"loc":{"start":{"line":22,"column":15},"end":{"line":26,"column":5}},"line":22}},"branchMap":{"0":{"loc":{"start":{"line":8,"column":24},"end":{"line":8,"column":31}},"type":"default-arg","locations":[{"start":{"line":8,"column":29},"end":{"line":8,"column":31}}],"line":8}},"s":{"0":0,"1":0,"2":0,"3":0,"4":0,"5":0,"6":0},"f":{"0":0,"1":0,"2":0},"b":{"0":[0]},"_coverageSchema":"332fd63041d2c1bcb487cc26dd0d5f7d97098a6c","hash":"4840519c33a5ea994e10086c05233dc407377c66"}
,"E:\\Privat\\Web\\Node Package Development\\trellolini\\src\\helpers\\http.js": {"path":"E:\\Privat\\Web\\Node Package Development\\trellolini\\src\\helpers\\http.js","statementMap":{"0":{"start":{"line":3,"column":20},"end":{"line":3,"column":34}},"1":{"start":{"line":4,"column":20},"end":{"line":4,"column":43}},"2":{"start":{"line":12,"column":37},"end":{"line":27,"column":1}},"3":{"start":{"line":13,"column":8},"end":{"line":22,"column":9}},"4":{"start":{"line":17,"column":16},"end":{"line":17,"column":57}},"5":{"start":{"line":18,"column":16},"end":{"line":18,"column":53}},"6":{"start":{"line":19,"column":16},"end":{"line":19,"column":27}},"7":{"start":{"line":23,"column":8},"end":{"line":23,"column":21}},"8":{"start":{"line":25,"column":8},"end":{"line":25,"column":36}},"9":{"start":{"line":33,"column":32},"end":{"line":35,"column":1}},"10":{"start":{"line":34,"column":4},"end":{"line":34,"column":66}},"11":{"start":{"line":40,"column":22},"end":{"line":44,"column":1}},"12":{"start":{"line":54,"column":15},"end":{"line":54,"column":18}},"13":{"start":{"line":55,"column":19},"end":{"line":55,"column":21}},"14":{"start":{"line":75,"column":4},"end":{"line":77,"column":5}},"15":{"start":{"line":76,"column":8},"end":{"line":76,"column":28}},"16":{"start":{"line":80,"column":18},"end":{"line":86,"column":5}},"17":{"start":{"line":89,"column":4},"end":{"line":89,"column":39}}},"fnMap":{"0":{"name":"(anonymous_0)","decl":{"start":{"line":12,"column":74},"end":{"line":12,"column":75}},"loc":{"start":{"line":12,"column":86},"end":{"line":24,"column":5}},"line":12},"1":{"name":"(anonymous_1)","decl":{"start":{"line":15,"column":31},"end":{"line":15,"column":32}},"loc":{"start":{"line":15,"column":50},"end":{"line":20,"column":13}},"line":15},"2":{"name":"(anonymous_2)","decl":{"start":{"line":24,"column":7},"end":{"line":24,"column":8}},"loc":{"start":{"line":24,"column":18},"end":{"line":26,"column":5}},"line":24},"3":{"name":"(anonymous_3)","decl":{"start":{"line":33,"column":32},"end":{"line":33,"column":33}},"loc":{"start":{"line":33,"column":44},"end":{"line":35,"column":1}},"line":33},"4":{"name":"makeRequest","decl":{"start":{"line":53,"column":16},"end":{"line":53,"column":27}},"loc":{"start":{"line":53,"column":90},"end":{"line":90,"column":1}},"line":53}},"branchMap":{"0":{"loc":{"start":{"line":53,"column":29},"end":{"line":53,"column":43}},"type":"default-arg","locations":[{"start":{"line":53,"column":38},"end":{"line":53,"column":43}}],"line":53},"1":{"loc":{"start":{"line":53,"column":45},"end":{"line":53,"column":53}},"type":"default-arg","locations":[{"start":{"line":53,"column":51},"end":{"line":53,"column":53}}],"line":53},"2":{"loc":{"start":{"line":53,"column":55},"end":{"line":53,"column":77}},"type":"default-arg","locations":[{"start":{"line":53,"column":64},"end":{"line":53,"column":77}}],"line":53},"3":{"loc":{"start":{"line":53,"column":79},"end":{"line":53,"column":88}},"type":"default-arg","locations":[{"start":{"line":53,"column":86},"end":{"line":53,"column":88}}],"line":53},"4":{"loc":{"start":{"line":75,"column":4},"end":{"line":77,"column":5}},"type":"if","locations":[{"start":{"line":75,"column":4},"end":{"line":77,"column":5}},{"start":{"line":75,"column":4},"end":{"line":77,"column":5}}],"line":75}},"s":{"0":3,"1":3,"2":3,"3":0,"4":0,"5":0,"6":0,"7":0,"8":0,"9":3,"10":0,"11":3,"12":3,"13":3,"14":3,"15":3,"16":3,"17":3},"f":{"0":0,"1":0,"2":0,"3":0,"4":3},"b":{"0":[0],"1":[0],"2":[0],"3":[0],"4":[3,0]},"_coverageSchema":"332fd63041d2c1bcb487cc26dd0d5f7d97098a6c","hash":"d36b24c77912dd173637a9fa2239d91335a47669"}
}
