TN:
SF:E:\Privat\Web\Node Package Development\trellolini\src\Trello.js
FN:24,validateConfig
FN:56,(anonymous_1)
FN:73,(anonymous_2)
FN:101,(anonymous_3)
FN:124,(anonymous_4)
FN:132,(anonymous_5)
FN:140,(anonymous_6)
FN:148,(anonymous_7)
FN:151,(anonymous_8)
FN:159,(anonymous_9)
FN:160,(anonymous_10)
FN:161,(anonymous_11)
FN:162,(anonymous_12)
FNF:13
FNH:6
FNDA:12,validateConfig
FNDA:12,(anonymous_1)
FNDA:0,(anonymous_2)
FNDA:9,(anonymous_3)
FNDA:1,(anonymous_4)
FNDA:1,(anonymous_5)
FNDA:0,(anonymous_6)
FNDA:0,(anonymous_7)
FNDA:0,(anonymous_8)
FNDA:3,(anonymous_9)
FNDA:0,(anonymous_10)
FNDA:0,(anonymous_11)
FNDA:0,(anonymous_12)
DA:10,2
DA:25,12
DA:27,12
DA:28,2
DA:31,12
DA:32,2
DA:35,12
DA:36,0
DA:39,12
DA:57,12
DA:59,12
DA:60,12
DA:61,2
DA:64,10
DA:65,10
DA:70,10
DA:71,0
DA:74,0
DA:79,10
DA:80,0
DA:103,9
DA:104,8
DA:109,9
DA:110,1
DA:112,8
DA:116,9
DA:125,1
DA:133,1
DA:134,1
DA:137,1
DA:141,0
DA:149,0
DA:152,0
DA:159,3
DA:160,0
DA:161,0
DA:162,0
LF:37
LH:27
BRDA:27,0,0,2
BRDA:27,0,1,10
BRDA:31,1,0,2
BRDA:31,1,1,10
BRDA:35,2,0,0
BRDA:35,2,1,12
BRDA:35,3,0,12
BRDA:35,3,1,0
BRDA:60,4,0,2
BRDA:60,4,1,10
BRDA:64,5,0,10
BRDA:64,5,1,0
BRDA:70,6,0,0
BRDA:70,6,1,10
BRDA:79,7,0,0
BRDA:79,7,1,10
BRDA:103,8,0,8
BRDA:103,8,1,1
BRDA:109,9,0,1
BRDA:109,9,1,8
BRDA:133,10,0,1
BRDA:133,10,1,0
BRDA:159,11,0,0
BRF:23
BRH:16
end_of_record
TN:
SF:E:\Privat\Web\Node Package Development\trellolini\src\api\AbstractApiResource.js
FN:5,(anonymous_0)
FN:23,(anonymous_1)
FN:27,(anonymous_2)
FN:31,(anonymous_3)
FN:35,(anonymous_4)
FN:48,(anonymous_5)
FN:62,(anonymous_6)
FN:74,(anonymous_7)
FN:87,(anonymous_8)
FN:100,(anonymous_9)
FN:115,(anonymous_10)
FN:122,(anonymous_11)
FN:129,(anonymous_12)
FN:137,(anonymous_13)
FNF:14
FNH:12
FNDA:10,(anonymous_0)
FNDA:2,(anonymous_1)
FNDA:2,(anonymous_2)
FNDA:2,(anonymous_3)
FNDA:8,(anonymous_4)
FNDA:4,(anonymous_5)
FNDA:3,(anonymous_6)
FNDA:1,(anonymous_7)
FNDA:1,(anonymous_8)
FNDA:0,(anonymous_9)
FNDA:1,(anonymous_10)
FNDA:0,(anonymous_11)
FNDA:1,(anonymous_12)
FNDA:1,(anonymous_13)
DA:2,2
DA:7,10
DA:8,0
DA:11,10
DA:12,0
DA:15,10
DA:16,10
DA:17,10
DA:18,10
DA:19,10
DA:20,10
DA:24,2
DA:28,2
DA:32,2
DA:36,8
DA:49,4
DA:50,4
DA:63,3
DA:64,1
DA:67,2
DA:75,1
DA:76,1
DA:78,1
DA:88,1
DA:90,0
DA:101,0
DA:102,0
DA:103,0
DA:104,0
DA:106,0
DA:116,1
DA:131,1
DA:132,0
DA:134,1
DA:135,0
DA:137,1
DA:138,1
DA:139,1
LF:38
LH:28
BRDA:5,0,0,0
BRDA:7,1,0,0
BRDA:7,1,1,10
BRDA:11,2,0,0
BRDA:11,2,1,10
BRDA:11,3,0,10
BRDA:11,3,1,10
BRDA:24,4,0,2
BRDA:24,4,1,2
BRDA:63,5,0,1
BRDA:63,5,1,2
BRDA:74,6,0,1
BRDA:100,7,0,0
BRDA:101,8,0,0
BRDA:101,8,1,0
BRDA:103,9,0,0
BRDA:103,9,1,0
BRDA:131,10,0,0
BRDA:131,10,1,1
BRDA:134,11,0,0
BRDA:134,11,1,1
BRDA:134,12,0,1
BRDA:134,12,1,0
BRDA:138,13,0,1
BRDA:138,13,1,0
BRF:25
BRH:13
end_of_record
TN:
SF:E:\Privat\Web\Node Package Development\trellolini\src\api\Board.js
FN:9,(anonymous_0)
FN:31,(anonymous_1)
FNF:2
FNH:1
FNDA:10,(anonymous_0)
FNDA:0,(anonymous_1)
DA:10,10
DA:12,10
DA:13,10
DA:32,0
DA:33,0
DA:36,0
LF:6
LH:3
BRDA:9,0,0,6
BRDA:32,1,0,0
BRDA:32,1,1,0
BRF:3
BRH:1
end_of_record
TN:
SF:E:\Privat\Web\Node Package Development\trellolini\src\api\Board\Cards.js
FN:8,(anonymous_0)
FN:17,(anonymous_1)
FN:22,(anonymous_2)
FNF:3
FNH:0
FNDA:0,(anonymous_0)
FNDA:0,(anonymous_1)
FNDA:0,(anonymous_2)
DA:9,0
DA:11,0
DA:12,0
DA:18,0
DA:19,0
DA:23,0
DA:25,0
LF:7
LH:0
BRDA:8,0,0,0
BRF:1
BRH:0
end_of_record
TN:
SF:E:\Privat\Web\Node Package Development\trellolini\src\helpers\http.js
FN:12,(anonymous_0)
FN:15,(anonymous_1)
FN:24,(anonymous_2)
FN:33,(anonymous_3)
FN:53,makeRequest
FNF:5
FNH:1
FNDA:0,(anonymous_0)
FNDA:0,(anonymous_1)
FNDA:0,(anonymous_2)
FNDA:0,(anonymous_3)
FNDA:3,makeRequest
DA:3,3
DA:4,3
DA:12,3
DA:13,0
DA:17,0
DA:18,0
DA:19,0
DA:23,0
DA:25,0
DA:33,3
DA:34,0
DA:40,3
DA:54,3
DA:55,3
DA:75,3
DA:76,3
DA:80,3
DA:89,3
LF:18
LH:11
BRDA:53,0,0,0
BRDA:53,1,0,0
BRDA:53,2,0,0
BRDA:53,3,0,0
BRDA:75,4,0,3
BRDA:75,4,1,0
BRF:6
BRH:1
end_of_record
